0 info it worked if it ends with ok
1 verbose cli [ '/usr/bin/node',
1 verbose cli   '/usr/bin/npm',
1 verbose cli   '--registry',
1 verbose cli   'https://sencha.myget.org/F/community/npm/',
1 verbose cli   'whoami' ]
2 info using npm@3.5.2
3 info using node@v8.10.0
4 verbose request uri https://sencha.myget.org/F/community/npm/-/whoami
5 verbose request no auth needed
6 info attempt registry request try #1 at 08:28:44
7 verbose request using bearer token for auth
8 verbose request id 34307cb195c92f7d
9 http request GET https://sencha.myget.org/F/community/npm/-/whoami
10 info retry will retry, error on last attempt: Error: tunneling socket could not be established, cause=connect ECONNREFUSED 127.0.0.1:9090
11 info attempt registry request try #2 at 08:28:54
12 verbose request using bearer token for auth
13 http request GET https://sencha.myget.org/F/community/npm/-/whoami
14 info retry will retry, error on last attempt: Error: tunneling socket could not be established, cause=connect ECONNREFUSED 127.0.0.1:9090
15 info attempt registry request try #3 at 08:29:54
16 verbose request using bearer token for auth
17 http request GET https://sencha.myget.org/F/community/npm/-/whoami
18 verbose stack Error: tunneling socket could not be established, cause=connect ECONNREFUSED 127.0.0.1:9090
18 verbose stack     at ClientRequest.onError (/usr/share/npm/node_modules/request/node_modules/tunnel-agent/index.js:174:17)
18 verbose stack     at Object.onceWrapper (events.js:315:30)
18 verbose stack     at emitOne (events.js:116:13)
18 verbose stack     at ClientRequest.emit (events.js:211:7)
18 verbose stack     at Socket.socketErrorListener (_http_client.js:387:9)
18 verbose stack     at emitOne (events.js:116:13)
18 verbose stack     at Socket.emit (events.js:211:7)
18 verbose stack     at emitErrorNT (internal/streams/destroy.js:64:8)
18 verbose stack     at _combinedTickCallback (internal/process/next_tick.js:138:11)
18 verbose stack     at process._tickCallback (internal/process/next_tick.js:180:9)
19 verbose cwd /home/ss/Work/opensource/mvd/src/main/resources/static/mvd
20 error Linux 4.15.0-42-generic
21 error argv "/usr/bin/node" "/usr/bin/npm" "--registry" "https://sencha.myget.org/F/community/npm/" "whoami"
22 error node v8.10.0
23 error npm  v3.5.2
24 error code ECONNRESET
25 error network tunneling socket could not be established, cause=connect ECONNREFUSED 127.0.0.1:9090
26 error network This is most likely not a problem with npm itself
26 error network and is related to network connectivity.
26 error network In most cases you are behind a proxy or have bad network settings.
26 error network
26 error network If you are behind a proxy, please make sure that the
26 error network 'proxy' config is set properly.  See: 'npm help config'
27 verbose exit [ 1, true ]
